Arguments: 
  P:\nodejs\node.exe P:\Yarn\bin\yarn.js instal

PATH: 
  C:\Program Files\Docker\Docker\Resources\bin;C:\ProgramData\Oracle\Java\javapath;C:\WINDOWS\system32;C:\WINDOWS;C:\WINDOWS\System32\Wbem;C:\WINDOWS\System32\WindowsPowerShell\v1.0\;C:\Program Files (x86)\ATI Technologies\ATI.ACE\Core-Static;C:\Program Files (x86)\NVIDIA Corporation\PhysX\Common;P:\Bitvise Tunnelier;P:\Skype\Phone\;C:\Program Files\Git\cmd;P:\Git LFS;P:\Gpg4win\..\GnuPG\bin;P:\Yarn\bin\;P:\nodejs\;C:\Users\Michael\AppData\Local\Microsoft\WindowsApps;P:\Java\jdk-10\bin;D:\Downloads\Programmierung\Apache\apache-maven-3.5.0\bin;P:\Programmierung\Apache\apache-ant\bin;P:\OpenSSL-Win32\bin;C:\Users\Michael\AppData\Local\GitHubDesktop\bin;P:\curl\bin;C:\Users\Michael\AppData\Local\Yarn\bin;C:\Users\Michael\AppData\Roaming\npm;C:\Program Files\Git\bin

Yarn version: 
  1.5.1

Node version: 
  9.9.0

Platform: 
  win32 x64

npm manifest: 
  {
    "name": "electron-quick-start",
    "version": "1.0.0",
    "description": "A minimal Electron application",
    "main": "main.js",
    "scripts": {
      "start": "electron ."
    },
    "repository": "https://github.com/electron/electron-quick-start",
    "keywords": [
      "Electron",
      "quick",
      "start",
      "tutorial",
      "demo"
    ],
    "author": "GitHub",
    "license": "CC0-1.0",
    "devDependencies": {
      "electron": "^1.8.4"
    }
  }

yarn manifest: 
  No manifest

Lockfile: 
  No lockfile

Trace: 
  Error: Command "instal" not found.
      at new MessageError (P:\Yarn\lib\cli.js:186:110)
      at P:\Yarn\lib\cli.js:87307:17
      at Generator.next (<anonymous>)
      at step (P:\Yarn\lib\cli.js:98:30)
      at P:\Yarn\lib\cli.js:116:14
      at new Promise (<anonymous>)
      at new F (P:\Yarn\lib\cli.js:23451:28)
      at P:\Yarn\lib\cli.js:95:12
      at runCommand (P:\Yarn\lib\cli.js:87312:22)
      at Object.<anonymous> (P:\Yarn\lib\cli.js:87412:14)
